{"level":"error","message":"Error: Error: Message failed: 554 5.2.0 STOREDRV.Submission.Exception:OutboundSpamException; Failed to process message due to a permanent exception with message [BeginDiagnosticData]WASCL UserAction verdict is not None. Actual verdict is RefuseQuota, ShowTierUpgrade. OutboundSpamException: WASCL UserAction verdict is not None. Actual verdict is RefuseQuota, ShowTierUpgrade.[EndDiagnosticData] [Hostname=KL1PR0401MB4721.apcprd04.prod.outlook.com]","timestamp":"2022-06-14T11:16:19.521Z"}
{"level":"error","message":"Error: Error: Message failed: 554 5.2.0 STOREDRV.Submission.Exception:OutboundSpamException; Failed to process message due to a permanent exception with message [BeginDiagnosticData]WASCL UserAction verdict is not None. Actual verdict is RefuseQuota, ShowTierUpgrade. OutboundSpamException: WASCL UserAction verdict is not None. Actual verdict is RefuseQuota, ShowTierUpgrade.[EndDiagnosticData] [Hostname=KL1PR0401MB4721.apcprd04.prod.outlook.com]","timestamp":"2022-06-14T11:16:20.955Z"}
{"level":"error","message":"Error: Error: Message failed: 554 5.2.0 STOREDRV.Submission.Exception:OutboundSpamException; Failed to process message due to a permanent exception with message [BeginDiagnosticData]WASCL UserAction verdict is not None. Actual verdict is RefuseQuota, ShowTierUpgrade. OutboundSpamException: WASCL UserAction verdict is not None. Actual verdict is RefuseQuota, ShowTierUpgrade.[EndDiagnosticData] [Hostname=KL1PR0401MB4721.apcprd04.prod.outlook.com]","timestamp":"2022-06-14T11:16:22.390Z"}
{"level":"info","message":"Server Started","timestamp":"2022-06-15T04:38:26.904Z"}
{"level":"info","message":"Server Started","timestamp":"2022-06-15T04:38:54.279Z"}
{"level":"info","message":"Server Started","timestamp":"2022-06-15T04:38:57.447Z"}
{"level":"info","message":"Server Started","timestamp":"2022-06-15T04:39:26.826Z"}
{"level":"info","message":"Server Started","timestamp":"2022-06-15T04:39:42.452Z"}
{"level":"info","message":"Server Started","timestamp":"2022-06-15T04:39:44.937Z"}
{"level":"info","message":"Server Started","timestamp":"2022-06-15T04:40:15.853Z"}
{"level":"info","message":"Server Started","timestamp":"2022-06-15T04:40:51.486Z"}
{"level":"info","message":"Server Started","timestamp":"2022-06-15T04:42:30.654Z"}
{"level":"info","message":"Server Started","timestamp":"2022-06-15T04:42:46.742Z"}
{"level":"info","message":"Server Started","timestamp":"2022-06-15T04:42:48.511Z"}
{"level":"info","message":"Server Started","timestamp":"2022-06-15T04:42:50.358Z"}
{"level":"info","message":"Server Started","timestamp":"2022-06-15T04:42:54.926Z"}
{"level":"info","message":"Server Started","timestamp":"2022-06-15T04:42:56.863Z"}
{"level":"info","message":"Server Started","timestamp":"2022-06-15T04:42:59.597Z"}
{"level":"info","message":"Server Started","timestamp":"2022-06-15T04:43:06.132Z"}
{"level":"info","message":"Server Started","timestamp":"2022-06-15T04:43:15.155Z"}
{"level":"info","message":"Server Started","timestamp":"2022-06-15T04:44:07.168Z"}
{"level":"info","message":"Server Started","timestamp":"2022-06-15T04:44:30.464Z"}
{"level":"info","message":"Server Started","timestamp":"2022-06-15T04:44:53.255Z"}
{"level":"info","message":"Server Started","timestamp":"2022-06-15T04:44:59.001Z"}
{"level":"info","message":"Server Started","timestamp":"2022-06-15T04:45:15.268Z"}
{"level":"info","message":"Server Started","timestamp":"2022-06-15T04:46:15.518Z"}
{"level":"info","message":"Server Started","timestamp":"2022-06-15T04:46:17.064Z"}
{"level":"info","message":"Server Started","timestamp":"2022-06-15T04:46:21.013Z"}
{"level":"info","message":"Server Started","timestamp":"2022-06-15T04:46:23.876Z"}
{"level":"info","message":"Server Started","timestamp":"2022-06-15T04:46:26.116Z"}
{"level":"info","message":"Server Started","timestamp":"2022-06-15T04:46:28.288Z"}
{"level":"info","message":"Server Started","timestamp":"2022-06-15T04:46:36.137Z"}
{"level":"info","message":"Server Started","timestamp":"2022-06-15T04:46:59.156Z"}
{"level":"info","message":"Server Started","timestamp":"2022-06-15T04:47:05.496Z"}
{"level":"info","message":"Server Started","timestamp":"2022-06-15T04:47:14.030Z"}
{"level":"info","message":"Server Started","timestamp":"2022-06-15T04:47:17.292Z"}
{"level":"info","message":"Server Started","timestamp":"2022-06-15T04:47:22.440Z"}
{"level":"info","message":"Server Started","timestamp":"2022-06-15T04:47:31.600Z"}
{"level":"info","message":"Server Started","timestamp":"2022-06-15T04:47:34.044Z"}
{"level":"info","message":"Server Started","timestamp":"2022-06-15T04:47:45.731Z"}
{"level":"info","message":"Server Started","timestamp":"2022-06-15T04:48:01.427Z"}
{"level":"info","message":"Server Started","timestamp":"2022-06-15T04:48:10.403Z"}
{"level":"info","message":"Server Started","timestamp":"2022-06-15T04:48:12.520Z"}
{"level":"info","message":"Server Started","timestamp":"2022-06-15T04:48:31.916Z"}
{"level":"info","message":"Server Started","timestamp":"2022-06-15T04:48:41.458Z"}
{"level":"info","message":"Server Started","timestamp":"2022-06-15T04:53:37.662Z"}
{"level":"info","message":"Server Started","timestamp":"2022-06-15T04:53:39.599Z"}
{"level":"info","message":"Server Started","timestamp":"2022-06-15T04:53:43.260Z"}
{"level":"info","message":"Server Started","timestamp":"2022-06-15T04:54:53.746Z"}
{"level":"info","message":"Server Started","timestamp":"2022-06-15T04:55:09.688Z"}
{"level":"info","message":"Server Started","timestamp":"2022-06-15T04:55:11.176Z"}
{"level":"info","message":"Server Started","timestamp":"2022-06-15T04:55:31.869Z"}
{"level":"info","message":"Server Started","timestamp":"2022-06-15T04:55:34.734Z"}
{"level":"info","message":"Server Started","timestamp":"2022-06-15T04:55:52.207Z"}
{"level":"info","message":"Server Started","timestamp":"2022-06-15T04:55:56.006Z"}
{"level":"info","message":"Server Started","timestamp":"2022-06-15T04:56:01.182Z"}
{"level":"info","message":"Server Started","timestamp":"2022-06-15T04:56:05.353Z"}
{"level":"info","message":"Server Started","timestamp":"2022-06-15T04:59:34.511Z"}
{"level":"info","message":"Server Started","timestamp":"2022-06-15T04:59:43.359Z"}
{"level":"info","message":"Server Started","timestamp":"2022-06-15T05:02:52.647Z"}
{"level":"info","message":"Server Started","timestamp":"2022-06-15T05:02:58.167Z"}
{"level":"info","message":"Server Started","timestamp":"2022-06-15T05:03:01.977Z"}
{"level":"info","message":"Server Started","timestamp":"2022-06-15T05:03:14.780Z"}
{"level":"info","message":"Server Started","timestamp":"2022-06-15T05:04:35.391Z"}
{"level":"info","message":"Server Started","timestamp":"2022-06-15T05:05:26.169Z"}
{"level":"info","message":"Server Started","timestamp":"2022-06-15T05:06:42.309Z"}
{"level":"info","message":"Server Started","timestamp":"2022-06-15T05:06:44.227Z"}
{"level":"error","message":"Error: Error: Message failed: 432 4.3.2 Concurrent connections limit exceeded. Visit https://aka.ms/concurrent_sending for more information. [Hostname=SI2PR04MB4730.apcprd04.prod.outlook.com]","timestamp":"2022-06-15T05:07:55.056Z"}
{"level":"error","message":"Error: Error: Message failed: 432 4.3.2 Concurrent connections limit exceeded. Visit https://aka.ms/concurrent_sending for more information. [Hostname=SI2PR04MB4730.apcprd04.prod.outlook.com]","timestamp":"2022-06-15T05:07:55.291Z"}
{"level":"error","message":"Error: Error: Message failed: 432 4.3.2 Concurrent connections limit exceeded. Visit https://aka.ms/concurrent_sending for more information. [Hostname=SI2PR04MB4730.apcprd04.prod.outlook.com]","timestamp":"2022-06-15T05:07:55.293Z"}
{"level":"info","message":"Email successfully sent: [object Object]","timestamp":"2022-06-15T05:07:55.558Z"}
{"level":"info","message":"Server Started","timestamp":"2022-06-15T05:08:44.266Z"}
{"level":"info","message":"Server Started","timestamp":"2022-06-15T05:08:48.966Z"}
{"level":"info","message":"Server Started","timestamp":"2022-06-15T05:08:53.836Z"}
{"level":"info","message":"Server Started","timestamp":"2022-06-15T05:10:25.076Z"}
{"level":"info","message":"Server Started","timestamp":"2022-06-15T05:10:28.475Z"}
{"level":"info","message":"Server Started","timestamp":"2022-06-15T05:10:40.709Z"}
{"level":"error","message":"Error: Error: Message failed: 432 4.3.2 Concurrent connections limit exceeded. Visit https://aka.ms/concurrent_sending for more information. [Hostname=SI2PR04MB4730.apcprd04.prod.outlook.com]","timestamp":"2022-06-15T05:11:44.109Z"}
{"level":"info","message":"Email successfully sent: [object Object]","timestamp":"2022-06-15T05:11:44.471Z"}
{"level":"info","message":"Email successfully sent: [object Object]","timestamp":"2022-06-15T05:11:44.999Z"}
{"level":"info","message":"Email successfully sent: [object Object]","timestamp":"2022-06-15T05:11:45.554Z"}
{"level":"info","message":"Server Started","timestamp":"2022-06-15T05:16:31.818Z"}
{"level":"info","message":"Server Started","timestamp":"2022-06-15T05:16:33.528Z"}
{"level":"info","message":"Server Started","timestamp":"2022-06-15T05:16:40.747Z"}
{"level":"info","message":"Server Started","timestamp":"2022-06-15T05:17:10.577Z"}
{"level":"info","message":"Email successfully sent: [object Object]","timestamp":"2022-06-15T05:17:26.113Z"}
{"level":"error","message":"Error: Error: Message failed: 432 4.3.2 Concurrent connections limit exceeded. Visit https://aka.ms/concurrent_sending for more information. [Hostname=SI2PR04MB4730.apcprd04.prod.outlook.com]","timestamp":"2022-06-15T05:17:26.192Z"}
{"level":"error","message":"Error: Error: Message failed: 432 4.3.2 Concurrent connections limit exceeded. Visit https://aka.ms/concurrent_sending for more information. [Hostname=SI2PR04MB4730.apcprd04.prod.outlook.com]","timestamp":"2022-06-15T05:17:26.200Z"}
{"level":"info","message":"Email successfully sent: [object Object]","timestamp":"2022-06-15T05:17:26.452Z"}
{"level":"info","message":"Server Started","timestamp":"2022-06-15T05:18:21.410Z"}
{"level":"info","message":"Server Started","timestamp":"2022-06-15T05:19:06.173Z"}
{"level":"error","message":"Error: Error: Message failed: 432 4.3.2 Concurrent connections limit exceeded. Visit https://aka.ms/concurrent_sending for more information. [Hostname=SI2PR04MB4730.apcprd04.prod.outlook.com]","timestamp":"2022-06-15T05:20:13.895Z"}
{"level":"error","message":"Error: Error: Message failed: 432 4.3.2 Concurrent connections limit exceeded. Visit https://aka.ms/concurrent_sending for more information. [Hostname=SI2PR04MB4730.apcprd04.prod.outlook.com]","timestamp":"2022-06-15T05:20:14.491Z"}
{"level":"error","message":"Error: Error: Message failed: 432 4.3.2 Concurrent connections limit exceeded. Visit https://aka.ms/concurrent_sending for more information. [Hostname=SI2PR04MB4730.apcprd04.prod.outlook.com]","timestamp":"2022-06-15T05:20:14.493Z"}
{"level":"info","message":"Email successfully sent: [object Object]","timestamp":"2022-06-15T05:20:14.495Z"}
{"level":"info","message":"Server Started","timestamp":"2022-06-15T05:20:35.087Z"}
{"level":"info","message":"Email successfully sent: [object Object]","timestamp":"2022-06-15T05:21:48.883Z"}
{"level":"error","message":"Error: Error: Message failed: 432 4.3.2 Concurrent connections limit exceeded. Visit https://aka.ms/concurrent_sending for more information. [Hostname=SI2PR04MB4730.apcprd04.prod.outlook.com]","timestamp":"2022-06-15T05:21:49.166Z"}
{"level":"info","message":"Email successfully sent: [object Object]","timestamp":"2022-06-15T05:21:49.431Z"}
{"level":"info","message":"Email successfully sent: [object Object]","timestamp":"2022-06-15T05:21:49.895Z"}
{"level":"info","message":"Server Started","timestamp":"2022-06-15T05:23:37.626Z"}
{"level":"info","message":"Server Started","timestamp":"2022-06-15T05:23:38.996Z"}
{"level":"error","message":"Error: Error: Message failed: 432 4.3.2 Concurrent connections limit exceeded. Visit https://aka.ms/concurrent_sending for more information. [Hostname=SI2PR04MB4730.apcprd04.prod.outlook.com]","timestamp":"2022-06-15T05:23:54.702Z"}
{"level":"error","message":"Error: Error: Message failed: 432 4.3.2 Concurrent connections limit exceeded. Visit https://aka.ms/concurrent_sending for more information. [Hostname=SI2PR04MB4730.apcprd04.prod.outlook.com]","timestamp":"2022-06-15T05:23:54.980Z"}
{"level":"error","message":"Error: Error: Message failed: 554 5.2.0 STOREDRV.Submission.Exception:OutboundSpamException; Failed to process message due to a permanent exception with message [BeginDiagnosticData]WASCL UserAction verdict is not None. Actual verdict is RefuseQuota, ShowTierUpgrade. OutboundSpamException: WASCL UserAction verdict is not None. Actual verdict is RefuseQuota, ShowTierUpgrade.[EndDiagnosticData] [Hostname=SI2PR04MB4730.apcprd04.prod.outlook.com]","timestamp":"2022-06-15T05:23:55.033Z"}
{"level":"error","message":"Error: Error: Message failed: 554 5.2.0 STOREDRV.Submission.Exception:OutboundSpamException; Failed to process message due to a permanent exception with message [BeginDiagnosticData]WASCL UserAction verdict is not None. Actual verdict is RefuseQuota, ShowTierUpgrade. OutboundSpamException: WASCL UserAction verdict is not None. Actual verdict is RefuseQuota, ShowTierUpgrade.[EndDiagnosticData] [Hostname=SI2PR04MB4730.apcprd04.prod.outlook.com]","timestamp":"2022-06-15T05:23:56.295Z"}
{"level":"info","message":"Server Started","timestamp":"2022-06-15T05:24:11.062Z"}
{"level":"info","message":"Server Started","timestamp":"2022-06-15T05:24:21.005Z"}
{"level":"error","message":"Error: Error: Message failed: 432 4.3.2 Concurrent connections limit exceeded. Visit https://aka.ms/concurrent_sending for more information. [Hostname=SI2PR04MB4730.apcprd04.prod.outlook.com]","timestamp":"2022-06-15T05:25:29.428Z"}
{"level":"error","message":"Error: Error: Message failed: 432 4.3.2 Concurrent connections limit exceeded. Visit https://aka.ms/concurrent_sending for more information. [Hostname=SI2PR04MB4730.apcprd04.prod.outlook.com]","timestamp":"2022-06-15T05:25:29.603Z"}
{"level":"error","message":"Error: Error: Message failed: 554 5.2.0 STOREDRV.Submission.Exception:OutboundSpamException; Failed to process message due to a permanent exception with message [BeginDiagnosticData]WASCL UserAction verdict is not None. Actual verdict is RefuseQuota, ShowTierUpgrade. OutboundSpamException: WASCL UserAction verdict is not None. Actual verdict is RefuseQuota, ShowTierUpgrade.[EndDiagnosticData] [Hostname=SI2PR04MB4730.apcprd04.prod.outlook.com]","timestamp":"2022-06-15T05:25:29.888Z"}
{"level":"error","message":"Error: Error: Message failed: 554 5.2.0 STOREDRV.Submission.Exception:OutboundSpamException; Failed to process message due to a permanent exception with message [BeginDiagnosticData]WASCL UserAction verdict is not None. Actual verdict is RefuseQuota, ShowTierUpgrade. OutboundSpamException: WASCL UserAction verdict is not None. Actual verdict is RefuseQuota, ShowTierUpgrade.[EndDiagnosticData] [Hostname=SI2PR04MB4730.apcprd04.prod.outlook.com]","timestamp":"2022-06-15T05:25:32.142Z"}
{"level":"info","message":"Server Started","timestamp":"2022-06-15T05:27:34.138Z"}
{"level":"error","message":"Error: Error: Message failed: 432 4.3.2 Concurrent connections limit exceeded. Visit https://aka.ms/concurrent_sending for more information. [Hostname=SI2PR04MB4730.apcprd04.prod.outlook.com]","timestamp":"2022-06-15T05:28:43.430Z"}
{"level":"error","message":"Error: Error: Message failed: 432 4.3.2 Concurrent connections limit exceeded. Visit https://aka.ms/concurrent_sending for more information. [Hostname=SI2PR04MB4730.apcprd04.prod.outlook.com]","timestamp":"2022-06-15T05:28:43.555Z"}
{"level":"error","message":"Error: Error: Message failed: 432 4.3.2 Concurrent connections limit exceeded. Visit https://aka.ms/concurrent_sending for more information. [Hostname=SI2PR04MB4730.apcprd04.prod.outlook.com]","timestamp":"2022-06-15T05:28:43.571Z"}
{"level":"error","message":"Error: Error: Message failed: 554 5.2.0 STOREDRV.Submission.Exception:OutboundSpamException; Failed to process message due to a permanent exception with message [BeginDiagnosticData]WASCL UserAction verdict is not None. Actual verdict is RefuseQuota, ShowTierUpgrade. OutboundSpamException: WASCL UserAction verdict is not None. Actual verdict is RefuseQuota, ShowTierUpgrade.[EndDiagnosticData] [Hostname=SI2PR04MB4730.apcprd04.prod.outlook.com]","timestamp":"2022-06-15T05:28:43.754Z"}
{"level":"info","message":"Server Started","timestamp":"2022-06-15T05:31:42.143Z"}
{"level":"info","message":"Email successfully sent: [object Object]","timestamp":"2022-06-15T05:32:48.804Z"}
{"level":"error","message":"Error: Error: Message failed: 432 4.3.2 Concurrent connections limit exceeded. Visit https://aka.ms/concurrent_sending for more information. [Hostname=SI2PR04MB4730.apcprd04.prod.outlook.com]","timestamp":"2022-06-15T05:32:49.355Z"}
{"level":"info","message":"Email successfully sent: [object Object]","timestamp":"2022-06-15T05:32:49.394Z"}
{"level":"info","message":"Email successfully sent: [object Object]","timestamp":"2022-06-15T05:32:49.779Z"}
{"level":"info","message":"Server Started","timestamp":"2022-06-15T05:37:20.425Z"}
{"level":"info","message":"Server Started","timestamp":"2022-06-15T05:37:40.279Z"}
{"level":"error","message":"Error: Error: Message failed: 432 4.3.2 Concurrent connections limit exceeded. Visit https://aka.ms/concurrent_sending for more information. [Hostname=SI2PR04MB4730.apcprd04.prod.outlook.com]","timestamp":"2022-06-15T05:38:47.621Z"}
{"level":"info","message":"Email successfully sent: [object Object]","timestamp":"2022-06-15T05:38:47.713Z"}
{"level":"info","message":"Email successfully sent: [object Object]","timestamp":"2022-06-15T05:38:48.058Z"}
{"level":"info","message":"Email successfully sent: [object Object]","timestamp":"2022-06-15T05:38:48.836Z"}
{"level":"info","message":"Server Started","timestamp":"2022-06-15T05:39:25.292Z"}
{"level":"info","message":"Server Started","timestamp":"2022-06-15T05:39:26.856Z"}
{"level":"info","message":"Server Started","timestamp":"2022-06-15T05:39:57.631Z"}
{"level":"info","message":"Email successfully sent: [object Object]","timestamp":"2022-06-15T05:40:14.705Z"}
{"level":"error","message":"Error: Error: Message failed: 432 4.3.2 Concurrent connections limit exceeded. Visit https://aka.ms/concurrent_sending for more information. [Hostname=SI2PR04MB4730.apcprd04.prod.outlook.com]","timestamp":"2022-06-15T05:40:15.145Z"}
{"level":"error","message":"Error: Error: Message failed: 432 4.3.2 Concurrent connections limit exceeded. Visit https://aka.ms/concurrent_sending for more information. [Hostname=SI2PR04MB4730.apcprd04.prod.outlook.com]","timestamp":"2022-06-15T05:40:15.169Z"}
{"level":"info","message":"Email successfully sent: [object Object]","timestamp":"2022-06-15T05:40:15.460Z"}
{"level":"info","message":"Server Started","timestamp":"2022-06-15T05:40:33.194Z"}
{"level":"info","message":"Email successfully sent: [object Object]","timestamp":"2022-06-15T05:41:13.059Z"}
{"level":"info","message":"Email successfully sent: [object Object]","timestamp":"2022-06-15T05:41:13.343Z"}
{"level":"error","message":"Error: Error: Message failed: 432 4.3.2 Concurrent connections limit exceeded. Visit https://aka.ms/concurrent_sending for more information. [Hostname=SI2PR04MB4730.apcprd04.prod.outlook.com]","timestamp":"2022-06-15T05:41:13.470Z"}
{"level":"info","message":"Email successfully sent: [object Object]","timestamp":"2022-06-15T05:41:13.553Z"}
{"level":"info","message":"Server Started","timestamp":"2022-06-15T05:43:03.585Z"}
{"level":"error","message":"Error: Error: Message failed: 432 4.3.2 Concurrent connections limit exceeded. Visit https://aka.ms/concurrent_sending for more information. [Hostname=SI2PR04MB4730.apcprd04.prod.outlook.com]","timestamp":"2022-06-15T05:43:42.531Z"}
{"level":"info","message":"Email successfully sent: [object Object]","timestamp":"2022-06-15T05:43:42.646Z"}
{"level":"error","message":"Error: Error: Message failed: 554 5.2.0 STOREDRV.Submission.Exception:OutboundSpamException; Failed to process message due to a permanent exception with message [BeginDiagnosticData]WASCL UserAction verdict is not None. Actual verdict is TransientError. OutboundSpamException: WASCL UserAction verdict is not None. Actual verdict is TransientError.[EndDiagnosticData] [Hostname=SI2PR04MB4730.apcprd04.prod.outlook.com]","timestamp":"2022-06-15T05:43:43.340Z"}
{"level":"info","message":"Server Started","timestamp":"2022-06-15T05:44:42.053Z"}
{"level":"info","message":"Email successfully sent: [object Object]","timestamp":"2022-06-15T05:45:46.568Z"}
{"level":"info","message":"Email successfully sent: [object Object]","timestamp":"2022-06-15T05:45:47.342Z"}
{"level":"info","message":"Email successfully sent: [object Object]","timestamp":"2022-06-15T05:45:48.065Z"}
{"level":"info","message":"Server Started","timestamp":"2022-06-15T06:07:36.855Z"}
{"level":"info","message":"Email successfully sent: [object Object]","timestamp":"2022-06-15T06:08:43.488Z"}
{"level":"info","message":"Email successfully sent: [object Object]","timestamp":"2022-06-15T06:08:44.027Z"}
{"level":"info","message":"Email successfully sent: [object Object]","timestamp":"2022-06-15T06:08:44.637Z"}
{"level":"info","message":"Server Started","timestamp":"2022-06-15T06:31:18.984Z"}
{"level":"info","message":"Server Started","timestamp":"2022-06-15T06:31:21.398Z"}
{"level":"info","message":"Server Started","timestamp":"2022-06-15T06:31:26.187Z"}
{"level":"info","message":"Server Started","timestamp":"2022-06-15T06:34:13.443Z"}
{"level":"info","message":"Server Started","timestamp":"2022-06-15T06:34:21.945Z"}
{"level":"info","message":"Server Started","timestamp":"2022-06-15T06:34:26.008Z"}
{"level":"info","message":"Server Started","timestamp":"2022-06-15T06:34:29.170Z"}
{"level":"info","message":"Server Started","timestamp":"2022-06-15T06:34:33.062Z"}
{"level":"info","message":"Server Started","timestamp":"2022-06-15T06:34:36.984Z"}
{"level":"info","message":"Server Started","timestamp":"2022-06-15T06:34:50.102Z"}
{"level":"info","message":"Server Started","timestamp":"2022-06-15T06:34:56.058Z"}
{"level":"info","message":"Server Started","timestamp":"2022-06-15T06:34:58.062Z"}
{"level":"info","message":"Server Started","timestamp":"2022-06-15T06:35:10.925Z"}
{"level":"info","message":"Server Started","timestamp":"2022-06-15T06:35:15.410Z"}
{"level":"info","message":"Server Started","timestamp":"2022-06-15T06:36:26.521Z"}
{"level":"info","message":"Server Started","timestamp":"2022-06-15T06:36:31.286Z"}
{"level":"info","message":"Server Started","timestamp":"2022-06-15T06:37:01.746Z"}
{"level":"info","message":"Server Started","timestamp":"2022-06-15T06:37:06.456Z"}
{"level":"info","message":"Server Started","timestamp":"2022-06-15T06:37:09.767Z"}
{"level":"info","message":"Server Started","timestamp":"2022-06-15T06:37:14.795Z"}
{"level":"info","message":"Server Started","timestamp":"2022-06-15T06:37:17.614Z"}
{"level":"info","message":"Server Started","timestamp":"2022-06-15T06:37:29.088Z"}
{"level":"info","message":"Server Started","timestamp":"2022-06-15T06:39:27.522Z"}
{"level":"info","message":"Server Started","timestamp":"2022-06-15T06:39:34.607Z"}
{"level":"info","message":"Server Started","timestamp":"2022-06-15T06:40:02.168Z"}
{"level":"info","message":"Server Started","timestamp":"2022-06-15T06:40:06.125Z"}
{"level":"info","message":"Server Started","timestamp":"2022-06-15T06:40:09.298Z"}
{"level":"info","message":"Server Started","timestamp":"2022-06-15T06:40:17.606Z"}
{"level":"info","message":"Server Started","timestamp":"2022-06-15T06:40:23.091Z"}
{"level":"info","message":"Server Started","timestamp":"2022-06-15T06:40:27.856Z"}
{"level":"info","message":"Server Started","timestamp":"2022-06-15T06:41:13.535Z"}
{"level":"info","message":"Server Started","timestamp":"2022-06-15T06:45:20.582Z"}
{"level":"info","message":"Server Started","timestamp":"2022-06-15T06:47:02.342Z"}
{"level":"error","message":"Error: Error: Message failed: 432 4.3.2 Concurrent connections limit exceeded. Visit https://aka.ms/concurrent_sending for more information. [Hostname=SI2PR04MB4730.apcprd04.prod.outlook.com]","timestamp":"2022-06-15T06:48:25.475Z"}
{"level":"error","message":"Error: Error: Message failed: 432 4.3.2 Concurrent connections limit exceeded. Visit https://aka.ms/concurrent_sending for more information. [Hostname=SI2PR04MB4730.apcprd04.prod.outlook.com]","timestamp":"2022-06-15T06:48:25.502Z"}
{"level":"info","message":"Email successfully sent: [object Object]","timestamp":"2022-06-15T06:48:26.238Z"}
{"level":"info","message":"Server Started","timestamp":"2022-06-15T06:50:37.416Z"}
{"level":"info","message":"Email successfully sent: [object Object]","timestamp":"2022-06-15T06:51:44.060Z"}
{"level":"info","message":"Email successfully sent: [object Object]","timestamp":"2022-06-15T06:51:44.276Z"}
{"level":"info","message":"Email successfully sent: [object Object]","timestamp":"2022-06-15T06:51:44.636Z"}
{"level":"info","message":"Server Started","timestamp":"2022-06-15T06:57:40.645Z"}
{"level":"error","message":"Error: Error: Message failed: 432 4.3.2 Concurrent connections limit exceeded. Visit https://aka.ms/concurrent_sending for more information. [Hostname=SI2PR04MB4730.apcprd04.prod.outlook.com]","timestamp":"2022-06-15T06:59:48.307Z"}
{"level":"info","message":"Email successfully sent: [object Object]","timestamp":"2022-06-15T06:59:48.371Z"}
{"level":"info","message":"Email successfully sent: [object Object]","timestamp":"2022-06-15T06:59:48.834Z"}
{"level":"info","message":"Server Started","timestamp":"2022-06-15T07:00:16.314Z"}
{"level":"info","message":"Email successfully sent: [object Object]","timestamp":"2022-06-15T07:02:23.682Z"}
{"level":"info","message":"Email successfully sent: [object Object]","timestamp":"2022-06-15T07:02:24.642Z"}
{"level":"info","message":"Email successfully sent: [object Object]","timestamp":"2022-06-15T07:02:24.872Z"}
{"level":"info","message":"Server Started","timestamp":"2022-06-15T07:11:18.387Z"}
{"level":"info","message":"Server Started","timestamp":"2022-06-15T07:13:29.724Z"}
{"level":"info","message":"Server Started","timestamp":"2022-06-15T07:13:41.204Z"}
{"level":"info","message":"Server Started","timestamp":"2022-06-15T07:13:43.843Z"}
{"level":"info","message":"Server Started","timestamp":"2022-06-15T07:13:47.763Z"}
{"level":"info","message":"Server Started","timestamp":"2022-06-15T07:13:52.654Z"}
{"level":"info","message":"Server Started","timestamp":"2022-06-15T07:13:58.496Z"}
{"level":"info","message":"Server Started","timestamp":"2022-06-15T07:18:08.822Z"}
{"level":"info","message":"Server Started","timestamp":"2022-06-15T07:18:18.754Z"}
{"level":"info","message":"Server Started","timestamp":"2022-06-15T07:18:53.029Z"}
{"level":"info","message":"Server Started","timestamp":"2022-06-15T07:19:01.071Z"}
{"level":"info","message":"Server Started","timestamp":"2022-06-15T07:19:07.450Z"}
{"level":"info","message":"Server Started","timestamp":"2022-06-15T07:19:09.960Z"}
{"level":"info","message":"Server Started","timestamp":"2022-06-15T07:19:15.210Z"}
{"level":"info","message":"Server Started","timestamp":"2022-06-15T07:20:57.735Z"}
{"level":"info","message":"Server Started","timestamp":"2022-06-15T07:21:02.449Z"}
{"level":"info","message":"Server Started","timestamp":"2022-06-15T07:27:19.019Z"}
{"level":"info","message":"Server Started","timestamp":"2022-06-15T07:27:22.677Z"}
{"level":"info","message":"Server Started","timestamp":"2022-06-15T07:27:30.975Z"}
{"level":"info","message":"Server Started","timestamp":"2022-06-15T07:27:39.368Z"}
{"level":"info","message":"Server Started","timestamp":"2022-06-15T07:27:46.353Z"}
{"level":"info","message":"Server Started","timestamp":"2022-06-15T07:27:49.839Z"}
{"level":"info","message":"Server Started","timestamp":"2022-06-15T07:27:52.219Z"}
{"level":"info","message":"Server Started","timestamp":"2022-06-15T07:27:56.010Z"}
{"level":"info","message":"Server Started","timestamp":"2022-06-15T07:27:59.664Z"}
{"level":"info","message":"Server Started","timestamp":"2022-06-15T07:28:19.672Z"}
{"level":"info","message":"Server Started","timestamp":"2022-06-15T07:28:42.497Z"}
{"level":"info","message":"Server Started","timestamp":"2022-06-15T07:29:01.745Z"}
{"level":"info","message":"Server Started","timestamp":"2022-06-15T07:29:24.920Z"}
{"level":"info","message":"Server Started","timestamp":"2022-06-15T07:29:28.069Z"}
{"level":"info","message":"Server Started","timestamp":"2022-06-15T07:29:32.214Z"}
{"level":"info","message":"Server Started","timestamp":"2022-06-15T07:32:02.967Z"}
{"level":"info","message":"Server Started","timestamp":"2022-06-15T07:32:08.068Z"}
{"level":"info","message":"Server Started","timestamp":"2022-06-15T07:33:38.839Z"}
{"level":"info","message":"Server Started","timestamp":"2022-06-15T07:33:46.010Z"}
{"level":"info","message":"Server Started","timestamp":"2022-06-15T07:33:52.665Z"}
{"level":"info","message":"Server Started","timestamp":"2022-06-15T07:36:31.475Z"}
{"level":"info","message":"Server Started","timestamp":"2022-06-15T07:36:43.798Z"}
{"level":"info","message":"Server Started","timestamp":"2022-06-15T07:37:12.412Z"}
{"level":"error","message":"Error: Error: Message failed: 432 4.3.2 Concurrent connections limit exceeded. Visit https://aka.ms/concurrent_sending for more information. [Hostname=SI2PR04MB4730.apcprd04.prod.outlook.com]","timestamp":"2022-06-15T07:37:50.319Z"}
{"level":"error","message":"Error: Error: Message failed: 432 4.3.2 Concurrent connections limit exceeded. Visit https://aka.ms/concurrent_sending for more information. [Hostname=SI2PR04MB4730.apcprd04.prod.outlook.com]","timestamp":"2022-06-15T07:37:50.334Z"}
{"level":"info","message":"Email successfully sent: [object Object]","timestamp":"2022-06-15T07:37:50.390Z"}
{"level":"error","message":"Error: Error: Message failed: 432 4.3.2 Concurrent connections limit exceeded. Visit https://aka.ms/concurrent_sending for more information. [Hostname=SI2PR04MB4730.apcprd04.prod.outlook.com]","timestamp":"2022-06-15T07:38:17.186Z"}
{"level":"info","message":"Email successfully sent: [object Object]","timestamp":"2022-06-15T07:38:17.220Z"}
{"level":"info","message":"Email successfully sent: [object Object]","timestamp":"2022-06-15T07:38:17.487Z"}
{"level":"info","message":"Server Started","timestamp":"2022-06-15T07:38:47.395Z"}
{"level":"info","message":"Server Started","timestamp":"2022-06-15T07:41:31.970Z"}
{"level":"info","message":"Server Started","timestamp":"2022-06-15T07:41:36.939Z"}
{"level":"info","message":"Server Started","timestamp":"2022-06-15T07:41:42.240Z"}
{"level":"info","message":"Server Started","timestamp":"2022-06-15T07:41:44.811Z"}
{"level":"info","message":"Server Started","timestamp":"2022-06-15T07:41:51.544Z"}
{"level":"info","message":"Server Started","timestamp":"2022-06-15T07:42:18.722Z"}
{"level":"info","message":"Server Started","timestamp":"2022-06-15T07:42:29.129Z"}
{"level":"info","message":"Server Started","timestamp":"2022-06-15T07:42:33.662Z"}
{"level":"info","message":"Server Started","timestamp":"2022-06-15T07:42:37.080Z"}
{"level":"error","message":"Error: Error: Message failed: 432 4.3.2 Concurrent connections limit exceeded. Visit https://aka.ms/concurrent_sending for more information. [Hostname=SI2PR04MB4730.apcprd04.prod.outlook.com]","timestamp":"2022-06-15T07:43:40.468Z"}
{"level":"error","message":"Error: Error: Message failed: 432 4.3.2 Concurrent connections limit exceeded. Visit https://aka.ms/concurrent_sending for more information. [Hostname=SI2PR04MB4730.apcprd04.prod.outlook.com]","timestamp":"2022-06-15T07:43:40.573Z"}
{"level":"info","message":"Email successfully sent: [object Object]","timestamp":"2022-06-15T07:43:40.575Z"}
{"level":"error","message":"Error: Error: Message failed: 432 4.3.2 Concurrent connections limit exceeded. Visit https://aka.ms/concurrent_sending for more information. [Hostname=SI2PR04MB4730.apcprd04.prod.outlook.com]","timestamp":"2022-06-15T07:44:03.683Z"}
{"level":"info","message":"Server Started","timestamp":"2022-06-15T07:47:42.500Z"}
{"level":"info","message":"Server Started","timestamp":"2022-06-15T07:48:07.106Z"}
{"level":"info","message":"Server Started","timestamp":"2022-06-15T07:48:30.638Z"}
{"level":"info","message":"Email successfully sent: [object Object]","timestamp":"2022-06-15T07:49:35.020Z"}
{"level":"info","message":"Email successfully sent: [object Object]","timestamp":"2022-06-15T07:49:35.723Z"}
{"level":"info","message":"Email successfully sent: [object Object]","timestamp":"2022-06-15T07:49:35.964Z"}
{"level":"error","message":"Error: Error: Message failed: 432 4.3.2 Concurrent connections limit exceeded. Visit https://aka.ms/concurrent_sending for more information. [Hostname=SI2PR04MB4730.apcprd04.prod.outlook.com]","timestamp":"2022-06-15T07:50:01.665Z"}
{"level":"info","message":"Server Started","timestamp":"2022-06-15T07:52:05.798Z"}
{"level":"info","message":"Server Started","timestamp":"2022-06-15T07:52:09.879Z"}
{"level":"info","message":"Server Started","timestamp":"2022-06-15T07:52:56.920Z"}
{"level":"error","message":"Error: Error: Message failed: 432 4.3.2 Concurrent connections limit exceeded. Visit https://aka.ms/concurrent_sending for more information. [Hostname=SI2PR04MB4730.apcprd04.prod.outlook.com]","timestamp":"2022-06-15T07:54:06.434Z"}
{"level":"info","message":"Server Started","timestamp":"2022-06-15T07:54:37.427Z"}
{"level":"info","message":"Server Started","timestamp":"2022-06-15T07:54:41.637Z"}
{"level":"info","message":"Email successfully sent: [object Object]","timestamp":"2022-06-15T07:55:48.277Z"}
{"level":"error","message":"Error: Error: Message failed: 432 4.3.2 Concurrent connections limit exceeded. Visit https://aka.ms/concurrent_sending for more information. [Hostname=SI2PR04MB4730.apcprd04.prod.outlook.com]","timestamp":"2022-06-15T07:55:48.487Z"}
{"level":"info","message":"Email successfully sent: [object Object]","timestamp":"2022-06-15T07:55:48.548Z"}
{"level":"info","message":"Server Started","timestamp":"2022-06-15T07:57:09.744Z"}
{"level":"info","message":"Server Started","timestamp":"2022-06-15T07:57:17.881Z"}
{"level":"error","message":"Error: Error: Message failed: 432 4.3.2 Concurrent connections limit exceeded. Visit https://aka.ms/concurrent_sending for more information. [Hostname=SI2PR04MB4730.apcprd04.prod.outlook.com]","timestamp":"2022-06-15T07:58:21.881Z"}
{"level":"error","message":"Error: Error: Message failed: 432 4.3.2 Concurrent connections limit exceeded. Visit https://aka.ms/concurrent_sending for more information. [Hostname=SI2PR04MB4730.apcprd04.prod.outlook.com]","timestamp":"2022-06-15T07:58:21.894Z"}
{"level":"info","message":"Email successfully sent: [object Object]","timestamp":"2022-06-15T07:58:21.985Z"}
{"level":"error","message":"Error: Error: Message failed: 432 4.3.2 Concurrent connections limit exceeded. Visit https://aka.ms/concurrent_sending for more information. [Hostname=SI2PR04MB4730.apcprd04.prod.outlook.com]","timestamp":"2022-06-15T07:59:03.736Z"}
{"level":"info","message":"Server Started","timestamp":"2022-06-15T08:00:31.543Z"}
{"level":"info","message":"Email successfully sent: [object Object]","timestamp":"2022-06-15T08:01:34.625Z"}
{"level":"info","message":"Email successfully sent: [object Object]","timestamp":"2022-06-15T08:01:35.429Z"}
{"level":"info","message":"Email successfully sent: [object Object]","timestamp":"2022-06-15T08:01:35.599Z"}
{"level":"error","message":"Error: Error: Message failed: 432 4.3.2 Concurrent connections limit exceeded. Visit https://aka.ms/concurrent_sending for more information. [Hostname=SI2PR04MB4730.apcprd04.prod.outlook.com]","timestamp":"2022-06-15T08:02:03.645Z"}
{"level":"info","message":"Server Started","timestamp":"2022-06-15T08:03:54.233Z"}
{"level":"info","message":"Email successfully sent: [object Object]","timestamp":"2022-06-15T08:04:58.976Z"}
{"level":"error","message":"Error: Error: Message failed: 432 4.3.2 Concurrent connections limit exceeded. Visit https://aka.ms/concurrent_sending for more information. [Hostname=SI2PR04MB4730.apcprd04.prod.outlook.com]","timestamp":"2022-06-15T08:04:59.742Z"}
{"level":"info","message":"Email successfully sent: [object Object]","timestamp":"2022-06-15T08:04:59.806Z"}
{"level":"error","message":"Error: Error: Message failed: 432 4.3.2 Concurrent connections limit exceeded. Visit https://aka.ms/concurrent_sending for more information. [Hostname=SI2PR04MB4730.apcprd04.prod.outlook.com]","timestamp":"2022-06-15T08:06:02.010Z"}
{"level":"info","message":"Server Started","timestamp":"2022-06-15T08:07:48.490Z"}
{"level":"info","message":"Server Started","timestamp":"2022-06-15T08:08:04.439Z"}
{"level":"info","message":"Server Started","timestamp":"2022-06-15T08:08:08.382Z"}
{"level":"info","message":"Email successfully sent: [object Object]","timestamp":"2022-06-15T08:12:18.661Z"}
{"level":"info","message":"Email successfully sent: [object Object]","timestamp":"2022-06-15T08:12:18.850Z"}
{"level":"info","message":"Email successfully sent: [object Object]","timestamp":"2022-06-15T08:12:18.878Z"}
{"level":"info","message":"Server Started","timestamp":"2022-06-15T08:13:10.656Z"}
{"level":"info","message":"Email successfully sent: [object Object]","timestamp":"2022-06-15T08:14:16.950Z"}
{"level":"info","message":"Email successfully sent: [object Object]","timestamp":"2022-06-15T08:14:17.018Z"}
{"level":"info","message":"Email successfully sent: [object Object]","timestamp":"2022-06-15T08:14:17.161Z"}
{"level":"info","message":"Server Started","timestamp":"2022-06-15T08:16:13.946Z"}
{"level":"info","message":"Email successfully sent: [object Object]","timestamp":"2022-06-15T08:17:17.645Z"}
{"level":"info","message":"Email successfully sent: [object Object]","timestamp":"2022-06-15T08:17:17.734Z"}
{"level":"info","message":"Email successfully sent: [object Object]","timestamp":"2022-06-15T08:17:17.756Z"}
{"level":"info","message":"Server Started","timestamp":"2022-06-15T08:24:32.120Z"}
{"level":"info","message":"Server Started","timestamp":"2022-06-15T08:25:56.380Z"}
{"level":"info","message":"Email successfully sent: [object Object]","timestamp":"2022-06-15T08:27:00.458Z"}
{"level":"info","message":"Email successfully sent: [object Object]","timestamp":"2022-06-15T08:27:00.651Z"}
{"level":"info","message":"Email successfully sent: [object Object]","timestamp":"2022-06-15T08:27:00.741Z"}
{"level":"info","message":"Server Started","timestamp":"2022-06-15T09:17:32.524Z"}
{"level":"info","message":"Server Started","timestamp":"2022-06-15T09:21:04.252Z"}
{"level":"info","message":"Email successfully sent: [object Object]","timestamp":"2022-06-15T09:22:08.127Z"}
{"level":"info","message":"Email successfully sent: [object Object]","timestamp":"2022-06-15T09:22:08.250Z"}
{"level":"info","message":"Email successfully sent: [object Object]","timestamp":"2022-06-15T09:22:08.312Z"}
{"level":"info","message":"Server Started","timestamp":"2022-06-15T09:24:06.117Z"}
{"level":"info","message":"Server Started","timestamp":"2022-06-15T09:24:28.092Z"}
{"level":"info","message":"Email successfully sent: [object Object]","timestamp":"2022-06-15T09:25:31.757Z"}
{"level":"info","message":"Email successfully sent: [object Object]","timestamp":"2022-06-15T09:25:31.828Z"}
{"level":"info","message":"Email successfully sent: [object Object]","timestamp":"2022-06-15T09:25:31.850Z"}
{"level":"info","message":"Server Started","timestamp":"2022-06-15T09:28:02.581Z"}
{"level":"info","message":"Email successfully sent: [object Object]","timestamp":"2022-06-15T09:29:10.818Z"}
{"level":"info","message":"Email successfully sent: [object Object]","timestamp":"2022-06-15T09:29:30.018Z"}
{"level":"info","message":"Email successfully sent: [object Object]","timestamp":"2022-06-15T09:29:30.035Z"}
{"level":"info","message":"Email successfully sent: [object Object]","timestamp":"2022-06-15T09:29:30.123Z"}
{"level":"info","message":"Email successfully sent: [object Object]","timestamp":"2022-06-15T09:29:30.138Z"}
{"level":"info","message":"Server Started","timestamp":"2022-06-15T09:30:16.070Z"}
{"level":"info","message":"Email successfully sent: [object Object]","timestamp":"2022-06-15T09:31:36.982Z"}
{"level":"info","message":"Email successfully sent: [object Object]","timestamp":"2022-06-15T09:31:47.314Z"}
{"level":"info","message":"Email successfully sent: [object Object]","timestamp":"2022-06-15T09:31:47.419Z"}
{"level":"info","message":"Email successfully sent: [object Object]","timestamp":"2022-06-15T09:31:47.454Z"}
{"level":"info","message":"Email successfully sent: [object Object]","timestamp":"2022-06-15T09:31:47.483Z"}
{"level":"info","message":"Email successfully sent: [object Object]","timestamp":"2022-06-15T09:31:47.562Z"}
{"level":"info","message":"Server Started","timestamp":"2022-06-15T09:32:53.636Z"}
{"level":"info","message":"Server Started","timestamp":"2022-06-15T09:37:11.743Z"}
{"level":"info","message":"Email successfully sent: [object Object]","timestamp":"2022-06-15T09:39:20.421Z"}
{"level":"info","message":"Email successfully sent: [object Object]","timestamp":"2022-06-15T09:39:20.503Z"}
{"level":"info","message":"Email successfully sent: [object Object]","timestamp":"2022-06-15T09:39:20.504Z"}
{"level":"info","message":"Email successfully sent: [object Object]","timestamp":"2022-06-15T09:39:20.527Z"}
{"level":"info","message":"Server Started","timestamp":"2022-06-15T09:39:54.015Z"}
{"level":"info","message":"Email successfully sent: [object Object]","timestamp":"2022-06-15T09:41:16.772Z"}
{"level":"info","message":"Email successfully sent: [object Object]","timestamp":"2022-06-15T09:41:28.805Z"}
{"level":"info","message":"Email successfully sent: [object Object]","timestamp":"2022-06-15T09:41:28.825Z"}
{"level":"info","message":"Email successfully sent: [object Object]","timestamp":"2022-06-15T09:41:28.891Z"}
{"level":"info","message":"Email successfully sent: [object Object]","timestamp":"2022-06-15T09:41:28.915Z"}
{"level":"info","message":"Email successfully sent: [object Object]","timestamp":"2022-06-15T09:41:29.017Z"}
{"level":"info","message":"Server Started","timestamp":"2022-06-15T09:42:49.984Z"}
{"level":"info","message":"Server Started","timestamp":"2022-06-15T09:43:04.389Z"}
{"level":"info","message":"Server Started","timestamp":"2022-06-15T09:43:18.396Z"}
{"level":"info","message":"Email successfully sent: [object Object]","timestamp":"2022-06-15T09:44:56.778Z"}
{"level":"info","message":"Email successfully sent: [object Object]","timestamp":"2022-06-15T09:44:56.869Z"}
{"level":"info","message":"Email successfully sent: [object Object]","timestamp":"2022-06-15T09:44:56.908Z"}
{"level":"info","message":"Email successfully sent: [object Object]","timestamp":"2022-06-15T09:44:56.917Z"}
{"level":"info","message":"Email successfully sent: [object Object]","timestamp":"2022-06-15T09:44:56.984Z"}
{"level":"info","message":"Server Started","timestamp":"2022-06-16T05:10:57.165Z"}
{"level":"info","message":"Server Started","timestamp":"2022-06-16T05:11:23.720Z"}
{"level":"info","message":"Server Started","timestamp":"2022-06-16T05:11:33.808Z"}
{"level":"info","message":"Server Started","timestamp":"2022-06-16T05:11:44.890Z"}
{"level":"info","message":"Server Started","timestamp":"2022-06-16T05:11:59.359Z"}
{"level":"info","message":"Server Started","timestamp":"2022-06-16T05:12:01.122Z"}
{"level":"info","message":"Server Started","timestamp":"2022-06-16T05:12:16.082Z"}
{"level":"info","message":"Server Started","timestamp":"2022-06-16T05:12:21.297Z"}
{"level":"info","message":"Server Started","timestamp":"2022-06-16T05:15:28.614Z"}
{"level":"info","message":"Server Started","timestamp":"2022-06-16T05:16:03.826Z"}
{"level":"info","message":"Server Started","timestamp":"2022-06-16T05:17:27.054Z"}
{"level":"info","message":"Server Started","timestamp":"2022-06-16T05:18:24.655Z"}
{"level":"info","message":"Server Started","timestamp":"2022-06-16T05:18:26.216Z"}
{"level":"info","message":"Server Started","timestamp":"2022-06-16T05:18:56.227Z"}
{"level":"info","message":"Server Started","timestamp":"2022-06-16T05:19:49.779Z"}
{"level":"info","message":"Server Started","timestamp":"2022-06-16T05:20:10.577Z"}
{"level":"info","message":"Server Started","timestamp":"2022-06-16T05:20:25.945Z"}
{"level":"info","message":"Server Started","timestamp":"2022-06-16T05:20:57.554Z"}
{"level":"info","message":"Server Started","timestamp":"2022-06-16T05:31:17.434Z"}
{"level":"info","message":"Server Started","timestamp":"2022-06-16T05:45:02.481Z"}
{"level":"info","message":"Server Started","timestamp":"2022-06-16T05:45:08.680Z"}
{"level":"info","message":"Server Started","timestamp":"2022-06-16T05:48:44.558Z"}
{"level":"info","message":"Server Started","timestamp":"2022-06-16T05:51:58.173Z"}
{"level":"info","message":"Server Started","timestamp":"2022-06-16T05:52:07.951Z"}
{"level":"info","message":"Server Started","timestamp":"2022-06-16T05:52:28.457Z"}
{"level":"info","message":"Server Started","timestamp":"2022-06-16T05:56:33.808Z"}
{"level":"info","message":"Server Started","timestamp":"2022-06-16T05:56:39.516Z"}
{"level":"info","message":"Server Started","timestamp":"2022-06-16T05:56:44.412Z"}
{"level":"info","message":"Server Started","timestamp":"2022-06-16T05:57:25.894Z"}
{"level":"info","message":"Server Started","timestamp":"2022-06-16T05:57:38.752Z"}
{"level":"info","message":"Server Started","timestamp":"2022-06-16T05:57:41.191Z"}
{"level":"info","message":"Server Started","timestamp":"2022-06-16T05:57:44.924Z"}
{"level":"info","message":"Server Started","timestamp":"2022-06-16T05:57:55.878Z"}
{"level":"info","message":"Server Started","timestamp":"2022-06-16T05:58:17.563Z"}
{"level":"info","message":"Server Started","timestamp":"2022-06-16T05:58:25.998Z"}
{"level":"info","message":"Server Started","timestamp":"2022-06-16T05:58:34.713Z"}
{"level":"info","message":"Server Started","timestamp":"2022-06-16T06:02:37.165Z"}
{"level":"info","message":"Server Started","timestamp":"2022-06-16T06:02:55.624Z"}
{"level":"info","message":"Server Started","timestamp":"2022-06-16T06:02:57.663Z"}
{"level":"info","message":"Server Started","timestamp":"2022-06-16T06:03:05.116Z"}
{"level":"info","message":"Server Started","timestamp":"2022-06-16T06:04:31.606Z"}
{"level":"info","message":"Server Started","timestamp":"2022-06-16T06:06:15.167Z"}
{"level":"info","message":"Server Started","timestamp":"2022-06-16T06:06:18.691Z"}
{"level":"info","message":"Server Started","timestamp":"2022-06-16T06:06:20.633Z"}
{"level":"info","message":"Server Started","timestamp":"2022-06-16T06:06:37.286Z"}
{"level":"info","message":"Server Started","timestamp":"2022-06-16T06:07:06.518Z"}
{"level":"info","message":"Server Started","timestamp":"2022-06-16T06:07:11.121Z"}
{"level":"info","message":"Server Started","timestamp":"2022-06-16T06:07:14.981Z"}
{"level":"info","message":"Server Started","timestamp":"2022-06-16T06:07:19.739Z"}
{"level":"info","message":"Server Started","timestamp":"2022-06-16T06:07:23.682Z"}
{"level":"info","message":"Server Started","timestamp":"2022-06-16T06:07:29.799Z"}
{"level":"info","message":"Server Started","timestamp":"2022-06-16T06:09:42.539Z"}
{"level":"info","message":"Server Started","timestamp":"2022-06-16T06:11:08.672Z"}
{"level":"info","message":"Server Started","timestamp":"2022-06-16T06:11:11.931Z"}
{"level":"info","message":"Server Started","timestamp":"2022-06-16T06:11:59.403Z"}
{"level":"info","message":"Server Started","timestamp":"2022-06-16T06:12:05.976Z"}
{"level":"info","message":"Server Started","timestamp":"2022-06-16T06:12:10.305Z"}
{"level":"info","message":"Server Started","timestamp":"2022-06-16T06:12:13.222Z"}
{"level":"info","message":"Server Started","timestamp":"2022-06-16T06:12:16.422Z"}
{"level":"info","message":"Server Started","timestamp":"2022-06-16T06:12:20.070Z"}
{"level":"info","message":"Server Started","timestamp":"2022-06-16T06:12:25.990Z"}
{"level":"info","message":"Server Started","timestamp":"2022-06-16T06:12:34.773Z"}
{"level":"info","message":"Server Started","timestamp":"2022-06-16T06:12:49.940Z"}
{"level":"info","message":"Server Started","timestamp":"2022-06-16T06:13:04.590Z"}
{"level":"info","message":"Server Started","timestamp":"2022-06-16T06:13:10.836Z"}
{"level":"info","message":"Server Started","timestamp":"2022-06-16T06:13:13.568Z"}
{"level":"info","message":"Server Started","timestamp":"2022-06-16T06:14:49.353Z"}
{"level":"info","message":"Server Started","timestamp":"2022-06-16T06:18:58.248Z"}
{"level":"info","message":"Server Started","timestamp":"2022-06-16T06:19:02.728Z"}
{"level":"info","message":"Server Started","timestamp":"2022-06-16T06:20:23.342Z"}
{"level":"info","message":"Server Started","timestamp":"2022-06-16T06:20:30.751Z"}
{"level":"info","message":"Server Started","timestamp":"2022-06-16T06:20:35.556Z"}
{"level":"info","message":"Server Started","timestamp":"2022-06-16T06:20:39.386Z"}
{"level":"info","message":"Server Started","timestamp":"2022-06-16T06:20:42.582Z"}
{"level":"info","message":"Server Started","timestamp":"2022-06-16T06:21:06.157Z"}
{"level":"info","message":"Server Started","timestamp":"2022-06-16T06:21:13.132Z"}
{"level":"info","message":"Server Started","timestamp":"2022-06-16T06:21:15.384Z"}
{"level":"info","message":"Server Started","timestamp":"2022-06-16T06:21:29.309Z"}
{"level":"info","message":"Server Started","timestamp":"2022-06-16T06:21:38.687Z"}
{"level":"info","message":"Server Started","timestamp":"2022-06-16T06:21:49.565Z"}
{"level":"info","message":"Server Started","timestamp":"2022-06-16T06:21:57.529Z"}
{"level":"info","message":"Server Started","timestamp":"2022-06-16T06:22:03.393Z"}
{"level":"info","message":"Server Started","timestamp":"2022-06-16T06:22:12.699Z"}
{"level":"info","message":"Server Started","timestamp":"2022-06-16T06:22:17.494Z"}
{"level":"info","message":"Server Started","timestamp":"2022-06-16T06:22:27.184Z"}
{"level":"info","message":"Server Started","timestamp":"2022-06-16T06:22:34.687Z"}
{"level":"info","message":"Server Started","timestamp":"2022-06-16T06:24:50.788Z"}
{"level":"info","message":"Server Started","timestamp":"2022-06-16T06:24:54.575Z"}
{"level":"info","message":"Server Started","timestamp":"2022-06-16T06:24:55.847Z"}
{"level":"info","message":"Server Started","timestamp":"2022-06-16T06:29:04.105Z"}
{"level":"info","message":"Server Started","timestamp":"2022-06-16T06:29:05.569Z"}
{"level":"info","message":"Server Started","timestamp":"2022-06-16T06:29:07.733Z"}
{"level":"info","message":"Server Started","timestamp":"2022-06-16T06:31:06.356Z"}
{"level":"info","message":"Server Started","timestamp":"2022-06-16T06:31:08.282Z"}
{"level":"info","message":"Server Started","timestamp":"2022-06-16T06:31:42.426Z"}
{"level":"info","message":"Server Started","timestamp":"2022-06-16T06:59:43.972Z"}
{"level":"info","message":"Server Started","timestamp":"2022-06-16T07:01:55.810Z"}
{"level":"info","message":"Server Started","timestamp":"2022-06-16T07:01:59.202Z"}
{"level":"info","message":"Server Started","timestamp":"2022-06-16T07:02:03.265Z"}
{"level":"info","message":"Server Started","timestamp":"2022-06-16T07:02:05.768Z"}
{"level":"info","message":"Server Started","timestamp":"2022-06-16T07:02:10.356Z"}
{"level":"info","message":"Server Started","timestamp":"2022-06-16T07:02:15.675Z"}
{"level":"info","message":"Server Started","timestamp":"2022-06-16T07:02:23.875Z"}
{"level":"info","message":"Server Started","timestamp":"2022-06-16T07:02:33.757Z"}
{"level":"info","message":"Server Started","timestamp":"2022-06-16T07:02:48.263Z"}
{"level":"info","message":"Server Started","timestamp":"2022-06-16T07:02:53.810Z"}
{"level":"info","message":"Server Started","timestamp":"2022-06-16T07:02:57.259Z"}
{"level":"info","message":"Server Started","timestamp":"2022-06-16T07:03:00.691Z"}
{"level":"info","message":"Server Started","timestamp":"2022-06-16T07:03:29.347Z"}
{"level":"info","message":"Server Started","timestamp":"2022-06-16T07:12:40.968Z"}
{"level":"info","message":"Server Started","timestamp":"2022-06-16T07:14:20.157Z"}
{"level":"info","message":"Server Started","timestamp":"2022-06-16T07:14:50.129Z"}
{"level":"info","message":"Server Started","timestamp":"2022-06-16T07:14:52.281Z"}
{"level":"info","message":"Server Started","timestamp":"2022-06-16T07:14:53.570Z"}
{"level":"info","message":"Server Started","timestamp":"2022-06-16T07:14:59.954Z"}
{"level":"info","message":"Server Started","timestamp":"2022-06-16T07:15:05.280Z"}
{"level":"info","message":"Server Started","timestamp":"2022-06-16T07:15:13.042Z"}
{"level":"info","message":"Server Started","timestamp":"2022-06-16T07:15:17.314Z"}
{"level":"info","message":"Server Started","timestamp":"2022-06-16T07:15:44.085Z"}
{"level":"info","message":"Server Started","timestamp":"2022-06-16T07:15:57.348Z"}
{"level":"info","message":"Server Started","timestamp":"2022-06-16T07:16:03.360Z"}
{"level":"info","message":"Server Started","timestamp":"2022-06-16T07:16:07.151Z"}
{"level":"info","message":"Server Started","timestamp":"2022-06-16T07:16:10.252Z"}
{"level":"info","message":"Server Started","timestamp":"2022-06-16T07:16:18.720Z"}
{"level":"info","message":"Server Started","timestamp":"2022-06-16T07:16:21.710Z"}
{"level":"info","message":"Server Started","timestamp":"2022-06-16T07:16:26.436Z"}
{"level":"info","message":"Server Started","timestamp":"2022-06-16T07:16:35.344Z"}
{"level":"info","message":"Server Started","timestamp":"2022-06-16T07:16:38.866Z"}
{"level":"info","message":"Server Started","timestamp":"2022-06-16T07:16:43.966Z"}
{"level":"info","message":"Server Started","timestamp":"2022-06-16T07:16:45.505Z"}
{"level":"info","message":"Server Started","timestamp":"2022-06-16T07:16:47.908Z"}
{"level":"info","message":"Server Started","timestamp":"2022-06-16T07:17:11.932Z"}
{"level":"info","message":"Server Started","timestamp":"2022-06-16T07:17:23.219Z"}
{"level":"info","message":"Server Started","timestamp":"2022-06-16T07:17:25.371Z"}
{"level":"info","message":"Server Started","timestamp":"2022-06-16T07:17:28.691Z"}
{"level":"info","message":"Server Started","timestamp":"2022-06-16T07:17:32.452Z"}
{"level":"info","message":"Server Started","timestamp":"2022-06-16T07:17:46.102Z"}
{"level":"info","message":"Server Started","timestamp":"2022-06-16T07:17:49.446Z"}
{"level":"info","message":"Server Started","timestamp":"2022-06-16T07:18:02.967Z"}
{"level":"info","message":"Server Started","timestamp":"2022-06-16T07:18:05.846Z"}
{"level":"info","message":"Server Started","timestamp":"2022-06-16T07:18:24.627Z"}
{"level":"info","message":"Server Started","timestamp":"2022-06-16T07:18:53.297Z"}
{"level":"info","message":"Server Started","timestamp":"2022-06-16T07:18:57.075Z"}
{"level":"info","message":"Server Started","timestamp":"2022-06-16T07:19:42.047Z"}
{"level":"info","message":"Server Started","timestamp":"2022-06-16T07:20:19.542Z"}
{"level":"info","message":"Server Started","timestamp":"2022-06-16T07:20:46.844Z"}
{"level":"info","message":"Server Started","timestamp":"2022-06-16T07:20:50.764Z"}
{"level":"info","message":"Server Started","timestamp":"2022-06-16T07:20:55.129Z"}
{"level":"info","message":"Server Started","timestamp":"2022-06-16T07:20:56.428Z"}
{"level":"info","message":"Server Started","timestamp":"2022-06-16T07:22:49.570Z"}
{"level":"info","message":"Server Started","timestamp":"2022-06-16T07:23:28.520Z"}
{"level":"info","message":"Server Started","timestamp":"2022-06-16T07:23:31.789Z"}
{"level":"info","message":"Server Started","timestamp":"2022-06-16T07:23:43.827Z"}
{"level":"info","message":"Server Started","timestamp":"2022-06-16T07:23:47.979Z"}
{"level":"info","message":"Server Started","timestamp":"2022-06-16T07:23:49.409Z"}
{"level":"info","message":"Server Started","timestamp":"2022-06-16T07:24:25.844Z"}
{"level":"info","message":"Server Started","timestamp":"2022-06-16T07:24:29.629Z"}
{"level":"info","message":"Server Started","timestamp":"2022-06-16T07:25:24.768Z"}
{"level":"info","message":"Server Started","timestamp":"2022-06-16T07:25:50.796Z"}
{"level":"info","message":"Server Started","timestamp":"2022-06-16T07:27:01.026Z"}
{"level":"info","message":"Server Started","timestamp":"2022-06-16T07:28:39.105Z"}
{"level":"info","message":"Server Started","timestamp":"2022-06-16T07:28:40.439Z"}
{"level":"info","message":"Server Started","timestamp":"2022-06-16T07:30:13.345Z"}
{"level":"info","message":"Server Started","timestamp":"2022-06-16T07:30:21.463Z"}
{"level":"info","message":"Server Started","timestamp":"2022-06-16T07:30:24.474Z"}
{"level":"info","message":"Server Started","timestamp":"2022-06-16T07:30:32.255Z"}
{"level":"info","message":"Server Started","timestamp":"2022-06-16T07:30:37.981Z"}
{"level":"info","message":"Server Started","timestamp":"2022-06-16T07:30:43.491Z"}
{"level":"info","message":"Server Started","timestamp":"2022-06-16T07:30:47.171Z"}
{"level":"info","message":"Server Started","timestamp":"2022-06-16T07:31:10.912Z"}
{"level":"info","message":"Server Started","timestamp":"2022-06-16T07:32:39.847Z"}
{"level":"info","message":"Server Started","timestamp":"2022-06-16T07:32:46.258Z"}
{"level":"info","message":"Server Started","timestamp":"2022-06-16T07:32:49.905Z"}
{"level":"info","message":"Server Started","timestamp":"2022-06-16T07:32:58.481Z"}
{"level":"info","message":"Server Started","timestamp":"2022-06-16T07:33:03.421Z"}
{"level":"info","message":"Server Started","timestamp":"2022-06-16T07:33:17.348Z"}
{"level":"info","message":"Server Started","timestamp":"2022-06-16T07:33:47.402Z"}
{"level":"info","message":"Server Started","timestamp":"2022-06-16T07:36:01.502Z"}
{"level":"info","message":"Server Started","timestamp":"2022-06-16T07:36:18.341Z"}
{"level":"info","message":"Server Started","timestamp":"2022-06-16T07:37:11.419Z"}
{"level":"info","message":"Server Started","timestamp":"2022-06-16T07:37:16.081Z"}
{"level":"info","message":"Server Started","timestamp":"2022-06-16T07:38:55.177Z"}
{"level":"info","message":"Server Started","timestamp":"2022-06-16T07:39:06.864Z"}
{"level":"info","message":"Server Started","timestamp":"2022-06-16T07:39:13.790Z"}
{"level":"info","message":"Server Started","timestamp":"2022-06-16T07:39:17.614Z"}
{"level":"info","message":"Server Started","timestamp":"2022-06-16T07:39:22.501Z"}
{"level":"info","message":"Server Started","timestamp":"2022-06-16T07:39:25.452Z"}
{"level":"info","message":"Server Started","timestamp":"2022-06-16T07:39:46.410Z"}
{"level":"info","message":"Server Started","timestamp":"2022-06-16T07:40:04.054Z"}
{"level":"info","message":"Server Started","timestamp":"2022-06-16T07:43:07.832Z"}
{"level":"info","message":"Server Started","timestamp":"2022-06-16T07:43:10.605Z"}
{"level":"info","message":"Server Started","timestamp":"2022-06-16T07:43:49.069Z"}
{"level":"info","message":"Server Started","timestamp":"2022-06-16T07:44:04.734Z"}
{"level":"info","message":"Server Started","timestamp":"2022-06-16T07:44:24.130Z"}
{"level":"info","message":"Server Started","timestamp":"2022-06-16T07:46:05.175Z"}
{"level":"info","message":"Server Started","timestamp":"2022-06-16T07:46:15.978Z"}
{"level":"info","message":"Server Started","timestamp":"2022-06-16T07:46:33.215Z"}
{"level":"info","message":"Server Started","timestamp":"2022-06-16T07:46:35.575Z"}
{"level":"info","message":"Server Started","timestamp":"2022-06-16T07:46:40.515Z"}
{"level":"info","message":"Server Started","timestamp":"2022-06-16T07:46:45.356Z"}
{"level":"info","message":"Server Started","timestamp":"2022-06-16T07:49:54.418Z"}
{"level":"info","message":"Server Started","timestamp":"2022-06-16T07:51:24.884Z"}
{"level":"info","message":"Server Started","timestamp":"2022-06-16T07:51:34.628Z"}
{"level":"info","message":"Server Started","timestamp":"2022-06-16T07:51:39.238Z"}
{"level":"info","message":"Server Started","timestamp":"2022-06-16T07:51:57.598Z"}
{"level":"info","message":"Server Started","timestamp":"2022-06-16T07:52:10.065Z"}
{"level":"info","message":"Server Started","timestamp":"2022-06-16T07:53:26.139Z"}
{"level":"info","message":"Server Started","timestamp":"2022-06-16T07:53:42.317Z"}
{"level":"info","message":"Server Started","timestamp":"2022-06-16T07:53:43.591Z"}
{"level":"info","message":"Server Started","timestamp":"2022-06-16T07:53:47.327Z"}
{"level":"info","message":"Server Started","timestamp":"2022-06-16T07:53:53.753Z"}
{"level":"info","message":"Server Started","timestamp":"2022-06-16T07:53:55.403Z"}
{"level":"info","message":"Server Started","timestamp":"2022-06-16T07:53:57.538Z"}
{"level":"info","message":"Server Started","timestamp":"2022-06-16T07:54:04.966Z"}
{"level":"info","message":"Server Started","timestamp":"2022-06-16T07:54:09.767Z"}
{"level":"info","message":"Server Started","timestamp":"2022-06-16T07:55:24.884Z"}
{"level":"info","message":"Server Started","timestamp":"2022-06-16T07:55:40.871Z"}
{"level":"info","message":"Server Started","timestamp":"2022-06-16T07:56:54.246Z"}
{"level":"info","message":"Server Started","timestamp":"2022-06-16T07:56:56.162Z"}
{"level":"info","message":"Server Started","timestamp":"2022-06-16T07:57:33.570Z"}
{"level":"info","message":"Server Started","timestamp":"2022-06-16T07:57:35.876Z"}
{"level":"info","message":"Server Started","timestamp":"2022-06-16T07:57:41.291Z"}
{"level":"info","message":"Server Started","timestamp":"2022-06-16T07:58:38.478Z"}
{"level":"info","message":"Server Started","timestamp":"2022-06-16T07:58:51.119Z"}
{"level":"info","message":"Server Started","timestamp":"2022-06-16T08:01:58.865Z"}
{"level":"info","message":"Server Started","timestamp":"2022-06-16T08:02:03.314Z"}
{"level":"info","message":"Server Started","timestamp":"2022-06-16T08:02:12.075Z"}
{"level":"info","message":"Server Started","timestamp":"2022-06-16T08:02:41.025Z"}
{"level":"info","message":"Server Started","timestamp":"2022-06-16T08:09:24.002Z"}
{"level":"info","message":"Server Started","timestamp":"2022-06-16T08:10:50.624Z"}
{"level":"info","message":"Server Started","timestamp":"2022-06-16T08:13:44.100Z"}
{"level":"info","message":"Server Started","timestamp":"2022-06-16T08:13:45.718Z"}
{"level":"info","message":"Server Started","timestamp":"2022-06-16T08:14:18.989Z"}
{"level":"info","message":"Server Started","timestamp":"2022-06-16T08:14:23.751Z"}
{"level":"info","message":"Server Started","timestamp":"2022-06-16T08:14:40.359Z"}
{"level":"info","message":"Server Started","timestamp":"2022-06-16T08:14:44.185Z"}
{"level":"info","message":"Server Started","timestamp":"2022-06-16T08:17:16.419Z"}
{"level":"info","message":"Server Started","timestamp":"2022-06-16T08:17:32.092Z"}
{"level":"info","message":"Server Started","timestamp":"2022-06-16T08:17:33.757Z"}
{"level":"info","message":"Server Started","timestamp":"2022-06-16T08:18:33.440Z"}
{"level":"info","message":"Server Started","timestamp":"2022-06-16T08:18:35.207Z"}
{"level":"info","message":"Server Started","timestamp":"2022-06-16T08:18:39.178Z"}
{"level":"info","message":"Server Started","timestamp":"2022-06-16T08:18:43.923Z"}
{"level":"info","message":"Server Started","timestamp":"2022-06-16T08:18:46.217Z"}
{"level":"info","message":"Server Started","timestamp":"2022-06-16T08:18:47.826Z"}
{"level":"info","message":"Server Started","timestamp":"2022-06-16T08:18:50.504Z"}
{"level":"info","message":"Server Started","timestamp":"2022-06-16T08:18:53.529Z"}
{"level":"info","message":"Server Started","timestamp":"2022-06-16T08:18:56.711Z"}
{"level":"info","message":"Server Started","timestamp":"2022-06-16T08:19:03.997Z"}
{"level":"info","message":"Server Started","timestamp":"2022-06-16T08:20:42.011Z"}
{"level":"info","message":"Server Started","timestamp":"2022-06-16T08:20:47.351Z"}
{"level":"info","message":"Server Started","timestamp":"2022-06-16T08:22:23.811Z"}
{"level":"info","message":"Server Started","timestamp":"2022-06-16T08:22:54.309Z"}
{"level":"info","message":"Server Started","timestamp":"2022-06-16T08:23:19.387Z"}
{"level":"info","message":"Server Started","timestamp":"2022-06-16T08:23:29.783Z"}
{"level":"info","message":"Server Started","timestamp":"2022-06-16T08:23:59.527Z"}
{"level":"info","message":"Server Started","timestamp":"2022-06-16T08:24:59.745Z"}
{"level":"info","message":"Server Started","timestamp":"2022-06-16T08:25:09.219Z"}
{"level":"info","message":"Server Started","timestamp":"2022-06-16T08:25:11.475Z"}
{"level":"info","message":"Server Started","timestamp":"2022-06-16T08:25:14.531Z"}
{"level":"info","message":"Server Started","timestamp":"2022-06-16T08:25:18.802Z"}
{"level":"info","message":"Server Started","timestamp":"2022-06-16T08:25:24.295Z"}
{"level":"info","message":"Server Started","timestamp":"2022-06-16T08:27:09.578Z"}
{"level":"info","message":"Server Started","timestamp":"2022-06-16T09:05:21.817Z"}
{"level":"info","message":"Server Started","timestamp":"2022-06-16T09:05:25.264Z"}
{"level":"info","message":"Server Started","timestamp":"2022-06-16T09:05:30.629Z"}
{"level":"info","message":"Server Started","timestamp":"2022-06-16T09:05:33.019Z"}
{"level":"info","message":"Server Started","timestamp":"2022-06-16T09:05:40.217Z"}
{"level":"info","message":"Server Started","timestamp":"2022-06-16T09:05:44.547Z"}
{"level":"info","message":"Server Started","timestamp":"2022-06-16T09:06:20.366Z"}
{"level":"info","message":"Server Started","timestamp":"2022-06-16T09:06:23.549Z"}
{"level":"info","message":"Server Started","timestamp":"2022-06-16T09:10:45.646Z"}
{"level":"info","message":"Server Started","timestamp":"2022-06-16T09:11:29.457Z"}
{"level":"info","message":"Server Started","timestamp":"2022-06-16T09:11:38.555Z"}
{"level":"info","message":"Server Started","timestamp":"2022-06-16T09:11:49.552Z"}
{"level":"info","message":"Server Started","timestamp":"2022-06-16T09:11:55.622Z"}
{"level":"info","message":"Server Started","timestamp":"2022-06-16T09:12:14.057Z"}
{"level":"info","message":"Server Started","timestamp":"2022-06-16T09:13:25.465Z"}
{"level":"info","message":"Server Started","timestamp":"2022-06-16T09:13:30.657Z"}
{"level":"info","message":"Server Started","timestamp":"2022-06-16T09:13:36.135Z"}
{"level":"info","message":"Server Started","timestamp":"2022-06-16T09:13:40.197Z"}
{"level":"info","message":"Server Started","timestamp":"2022-06-16T09:14:29.315Z"}
{"level":"info","message":"Server Started","timestamp":"2022-06-16T09:14:33.525Z"}
{"level":"info","message":"Server Started","timestamp":"2022-06-16T09:14:45.565Z"}
{"level":"info","message":"Server Started","timestamp":"2022-06-16T09:14:50.814Z"}
{"level":"info","message":"Server Started","timestamp":"2022-06-16T09:14:58.394Z"}
{"level":"info","message":"Server Started","timestamp":"2022-06-16T09:15:01.927Z"}
{"level":"info","message":"Server Started","timestamp":"2022-06-16T09:15:11.505Z"}
{"level":"info","message":"Server Started","timestamp":"2022-06-16T09:15:17.452Z"}
{"level":"info","message":"Server Started","timestamp":"2022-06-16T09:16:27.894Z"}
{"level":"info","message":"Server Started","timestamp":"2022-06-16T09:17:27.048Z"}
{"level":"info","message":"Server Started","timestamp":"2022-06-16T09:17:30.474Z"}
{"level":"info","message":"Server Started","timestamp":"2022-06-16T09:17:32.132Z"}
{"level":"info","message":"Server Started","timestamp":"2022-06-16T09:18:07.533Z"}
{"level":"info","message":"Server Started","timestamp":"2022-06-16T09:18:39.079Z"}
{"level":"info","message":"Server Started","timestamp":"2022-06-16T09:19:08.819Z"}
{"level":"info","message":"Server Started","timestamp":"2022-06-16T09:19:10.534Z"}
{"level":"info","message":"Server Started","timestamp":"2022-06-16T09:19:20.969Z"}
{"level":"info","message":"Server Started","timestamp":"2022-06-16T09:19:32.450Z"}
{"level":"info","message":"Server Started","timestamp":"2022-06-16T09:19:38.236Z"}
{"level":"info","message":"Server Started","timestamp":"2022-06-16T09:19:44.052Z"}
{"level":"info","message":"Server Started","timestamp":"2022-06-16T09:19:48.765Z"}
{"level":"info","message":"Server Started","timestamp":"2022-06-16T09:19:52.512Z"}
{"level":"info","message":"Server Started","timestamp":"2022-06-16T09:20:03.828Z"}
{"level":"info","message":"Server Started","timestamp":"2022-06-16T09:20:05.613Z"}
{"level":"info","message":"Server Started","timestamp":"2022-06-16T09:20:13.108Z"}
{"level":"info","message":"Server Started","timestamp":"2022-06-16T09:20:34.385Z"}
{"level":"info","message":"Server Started","timestamp":"2022-06-16T09:20:39.999Z"}
{"level":"info","message":"Server Started","timestamp":"2022-06-16T09:20:46.814Z"}
{"level":"info","message":"Server Started","timestamp":"2022-06-16T09:20:50.173Z"}
{"level":"info","message":"Server Started","timestamp":"2022-06-16T09:20:53.275Z"}
{"level":"info","message":"Server Started","timestamp":"2022-06-16T09:20:55.664Z"}
{"level":"info","message":"Server Started","timestamp":"2022-06-16T09:21:49.802Z"}
{"level":"info","message":"Server Started","timestamp":"2022-06-16T09:22:00.819Z"}
{"level":"info","message":"Server Started","timestamp":"2022-06-16T09:22:07.637Z"}
{"level":"info","message":"Server Started","timestamp":"2022-06-16T09:22:12.788Z"}
{"level":"info","message":"Server Started","timestamp":"2022-06-16T09:22:18.059Z"}
{"level":"info","message":"Server Started","timestamp":"2022-06-16T09:22:20.727Z"}
{"level":"info","message":"Server Started","timestamp":"2022-06-16T09:23:37.528Z"}
{"level":"info","message":"Server Started","timestamp":"2022-06-16T09:23:55.626Z"}
{"level":"info","message":"Server Started","timestamp":"2022-06-16T09:23:59.506Z"}
{"level":"info","message":"Server Started","timestamp":"2022-06-16T09:24:01.810Z"}
{"level":"info","message":"Server Started","timestamp":"2022-06-16T09:24:59.283Z"}
{"level":"info","message":"Server Started","timestamp":"2022-06-16T09:30:51.888Z"}
{"level":"info","message":"Server Started","timestamp":"2022-06-16T09:30:55.563Z"}
{"level":"info","message":"Server Started","timestamp":"2022-06-16T09:30:59.425Z"}
{"level":"info","message":"Server Started","timestamp":"2022-06-16T09:31:04.909Z"}
{"level":"info","message":"Server Started","timestamp":"2022-06-16T09:31:11.872Z"}
{"level":"info","message":"Server Started","timestamp":"2022-06-16T09:31:20.022Z"}
{"level":"info","message":"Server Started","timestamp":"2022-06-16T09:31:23.051Z"}
{"level":"info","message":"Server Started","timestamp":"2022-06-16T09:32:03.430Z"}
{"level":"info","message":"Server Started","timestamp":"2022-06-16T09:32:34.356Z"}
{"level":"info","message":"Server Started","timestamp":"2022-06-16T09:32:51.672Z"}
{"level":"info","message":"Server Started","timestamp":"2022-06-16T09:35:01.837Z"}
{"level":"info","message":"Server Started","timestamp":"2022-06-16T09:35:25.661Z"}
{"level":"info","message":"Server Started","timestamp":"2022-06-16T09:36:14.995Z"}
{"level":"info","message":"Server Started","timestamp":"2022-06-16T09:36:22.148Z"}
{"level":"info","message":"Server Started","timestamp":"2022-06-16T09:36:47.531Z"}
{"level":"info","message":"Server Started","timestamp":"2022-06-16T09:36:56.189Z"}
{"level":"info","message":"Server Started","timestamp":"2022-06-16T09:36:59.318Z"}
{"level":"info","message":"Server Started","timestamp":"2022-06-16T09:37:02.749Z"}
{"level":"info","message":"Server Started","timestamp":"2022-06-16T09:37:19.012Z"}
{"level":"info","message":"Server Started","timestamp":"2022-06-16T09:38:23.423Z"}
{"level":"info","message":"Server Started","timestamp":"2022-06-16T09:44:28.915Z"}
{"level":"info","message":"Server Started","timestamp":"2022-06-16T09:44:35.981Z"}
{"level":"info","message":"Server Started","timestamp":"2022-06-16T09:45:03.380Z"}
{"level":"info","message":"Server Started","timestamp":"2022-06-16T09:45:39.444Z"}
{"level":"info","message":"Server Started","timestamp":"2022-06-16T09:45:43.651Z"}
{"level":"info","message":"Server Started","timestamp":"2022-06-16T09:49:20.330Z"}
{"level":"info","message":"Server Started","timestamp":"2022-06-16T09:49:36.635Z"}
{"level":"info","message":"Server Started","timestamp":"2022-06-16T09:49:48.950Z"}
{"level":"info","message":"Server Started","timestamp":"2022-06-16T09:49:55.565Z"}
{"level":"info","message":"Server Started","timestamp":"2022-06-16T09:50:02.786Z"}
{"level":"info","message":"Server Started","timestamp":"2022-06-16T09:50:09.043Z"}
{"level":"info","message":"Server Started","timestamp":"2022-06-16T09:50:12.362Z"}
{"level":"info","message":"Server Started","timestamp":"2022-06-16T09:50:16.520Z"}
{"level":"info","message":"Server Started","timestamp":"2022-06-16T09:50:24.292Z"}
{"level":"info","message":"Server Started","timestamp":"2022-06-16T09:50:33.218Z"}
{"level":"info","message":"Server Started","timestamp":"2022-06-16T09:52:03.848Z"}
{"level":"info","message":"Server Started","timestamp":"2022-06-16T09:52:15.721Z"}
{"level":"info","message":"Server Started","timestamp":"2022-06-16T09:52:19.173Z"}
{"level":"info","message":"Server Started","timestamp":"2022-06-16T09:52:22.980Z"}
{"level":"info","message":"Server Started","timestamp":"2022-06-16T10:04:59.512Z"}
{"level":"info","message":"Server Started","timestamp":"2022-06-16T10:05:34.045Z"}
{"level":"info","message":"Server Started","timestamp":"2022-06-16T10:06:58.084Z"}
{"level":"info","message":"Server Started","timestamp":"2022-06-16T10:06:59.503Z"}
{"level":"info","message":"Server Started","timestamp":"2022-06-16T10:07:47.361Z"}
{"level":"info","message":"Server Started","timestamp":"2022-06-16T10:08:02.452Z"}
{"level":"info","message":"Server Started","timestamp":"2022-06-16T10:08:05.755Z"}
{"level":"info","message":"Server Started","timestamp":"2022-06-16T10:08:18.647Z"}
{"level":"info","message":"Server Started","timestamp":"2022-06-16T10:08:20.521Z"}
{"level":"info","message":"Server Started","timestamp":"2022-06-16T10:09:01.280Z"}
{"level":"info","message":"Server Started","timestamp":"2022-06-16T10:09:10.397Z"}
{"level":"info","message":"Server Started","timestamp":"2022-06-16T10:09:11.900Z"}
{"level":"info","message":"Server Started","timestamp":"2022-06-16T10:09:21.445Z"}
{"level":"info","message":"Server Started","timestamp":"2022-06-16T10:09:29.543Z"}
{"level":"info","message":"Server Started","timestamp":"2022-06-16T10:09:37.763Z"}
{"level":"info","message":"Server Started","timestamp":"2022-06-16T10:11:44.586Z"}
{"level":"info","message":"Server Started","timestamp":"2022-06-16T10:11:48.245Z"}
{"level":"info","message":"Server Started","timestamp":"2022-06-16T10:13:02.759Z"}
{"level":"info","message":"Server Started","timestamp":"2022-06-16T10:13:07.822Z"}
{"level":"info","message":"Server Started","timestamp":"2022-06-16T10:13:24.393Z"}
{"level":"info","message":"Server Started","timestamp":"2022-06-16T10:13:28.837Z"}
{"level":"info","message":"Server Started","timestamp":"2022-06-16T10:13:31.138Z"}
{"level":"info","message":"Server Started","timestamp":"2022-06-16T10:13:36.234Z"}
{"level":"info","message":"Server Started","timestamp":"2022-06-16T10:13:41.090Z"}
{"level":"info","message":"Server Started","timestamp":"2022-06-16T10:14:31.481Z"}
{"level":"info","message":"Server Started","timestamp":"2022-06-16T10:15:33.828Z"}
{"level":"info","message":"Server Started","timestamp":"2022-06-16T10:16:58.917Z"}
{"level":"info","message":"Server Started","timestamp":"2022-06-16T10:17:00.560Z"}
{"level":"info","message":"Server Started","timestamp":"2022-06-16T10:17:40.668Z"}
{"level":"info","message":"Server Started","timestamp":"2022-06-16T10:17:49.452Z"}
{"level":"info","message":"Server Started","timestamp":"2022-06-16T10:18:35.113Z"}
{"level":"info","message":"Server Started","timestamp":"2022-06-16T10:19:18.229Z"}
{"level":"info","message":"Server Started","timestamp":"2022-06-16T10:20:04.960Z"}
{"level":"info","message":"Server Started","timestamp":"2022-06-16T10:20:11.314Z"}
{"level":"info","message":"Server Started","timestamp":"2022-06-16T10:20:30.715Z"}
{"level":"info","message":"Server Started","timestamp":"2022-06-16T10:20:33.611Z"}
{"level":"info","message":"Server Started","timestamp":"2022-06-16T10:20:39.135Z"}
{"level":"info","message":"Server Started","timestamp":"2022-06-16T10:20:44.085Z"}
{"level":"info","message":"Server Started","timestamp":"2022-06-16T10:20:47.613Z"}
{"level":"info","message":"Server Started","timestamp":"2022-06-16T10:23:15.362Z"}
{"level":"info","message":"Server Started","timestamp":"2022-06-16T10:23:41.180Z"}
{"level":"info","message":"Server Started","timestamp":"2022-06-16T10:23:46.312Z"}
{"level":"info","message":"Server Started","timestamp":"2022-06-16T10:23:59.897Z"}
{"level":"info","message":"Server Started","timestamp":"2022-06-16T10:24:04.292Z"}
{"level":"info","message":"Server Started","timestamp":"2022-06-16T10:24:55.383Z"}
{"level":"info","message":"Server Started","timestamp":"2022-06-16T10:25:12.806Z"}
{"level":"info","message":"Server Started","timestamp":"2022-06-16T10:25:45.966Z"}
{"level":"info","message":"Server Started","timestamp":"2022-06-16T10:25:51.275Z"}
{"level":"info","message":"Server Started","timestamp":"2022-06-16T10:25:58.903Z"}
{"level":"info","message":"Server Started","timestamp":"2022-06-16T10:26:18.594Z"}
{"level":"info","message":"Server Started","timestamp":"2022-06-16T10:28:08.988Z"}
{"level":"info","message":"Server Started","timestamp":"2022-06-16T10:28:15.226Z"}
{"level":"info","message":"Server Started","timestamp":"2022-06-16T10:29:08.144Z"}
{"level":"info","message":"Server Started","timestamp":"2022-06-16T10:29:15.047Z"}
{"level":"info","message":"Server Started","timestamp":"2022-06-16T10:29:32.924Z"}
{"level":"info","message":"Server Started","timestamp":"2022-06-16T10:31:13.746Z"}
{"level":"info","message":"Server Started","timestamp":"2022-06-16T10:32:01.594Z"}
{"level":"info","message":"Server Started","timestamp":"2022-06-16T10:32:04.338Z"}
{"level":"info","message":"Server Started","timestamp":"2022-06-16T10:32:42.622Z"}
{"level":"info","message":"Server Started","timestamp":"2022-06-16T10:32:45.635Z"}
{"level":"info","message":"Server Started","timestamp":"2022-06-16T10:33:29.376Z"}
{"level":"info","message":"Server Started","timestamp":"2022-06-16T10:33:59.721Z"}
{"level":"info","message":"Server Started","timestamp":"2022-06-16T10:34:28.760Z"}
{"level":"info","message":"Server Started","timestamp":"2022-06-16T10:35:21.598Z"}
{"level":"info","message":"Server Started","timestamp":"2022-06-16T10:35:27.296Z"}
{"level":"info","message":"Server Started","timestamp":"2022-06-16T10:45:52.837Z"}
{"level":"info","message":"Server Started","timestamp":"2022-06-16T10:46:16.009Z"}
{"level":"info","message":"Server Started","timestamp":"2022-06-16T10:46:20.753Z"}
{"level":"info","message":"Server Started","timestamp":"2022-06-16T10:46:47.987Z"}
{"level":"info","message":"Server Started","timestamp":"2022-06-16T10:46:49.970Z"}
{"level":"info","message":"Server Started","timestamp":"2022-06-16T10:47:28.083Z"}
{"level":"info","message":"Server Started","timestamp":"2022-06-16T10:47:35.277Z"}
{"level":"info","message":"Server Started","timestamp":"2022-06-16T10:47:40.421Z"}
{"level":"info","message":"Server Started","timestamp":"2022-06-16T10:47:44.082Z"}
{"level":"info","message":"Server Started","timestamp":"2022-06-16T10:49:52.494Z"}
{"level":"info","message":"Server Started","timestamp":"2022-06-16T10:50:09.058Z"}
{"level":"info","message":"Server Started","timestamp":"2022-06-16T11:00:23.198Z"}
{"level":"info","message":"Server Started","timestamp":"2022-06-16T11:00:52.321Z"}
{"level":"info","message":"Server Started","timestamp":"2022-06-16T11:00:59.404Z"}
{"level":"info","message":"Server Started","timestamp":"2022-06-16T11:01:10.751Z"}
{"level":"info","message":"Server Started","timestamp":"2022-06-16T11:01:14.854Z"}
{"level":"info","message":"Server Started","timestamp":"2022-06-16T11:02:05.268Z"}
{"level":"info","message":"Server Started","timestamp":"2022-06-16T11:03:07.656Z"}
{"level":"info","message":"Server Started","timestamp":"2022-06-16T11:03:24.198Z"}
{"level":"info","message":"Server Started","timestamp":"2022-06-16T11:03:35.505Z"}
{"level":"info","message":"Server Started","timestamp":"2022-06-16T11:03:37.749Z"}
{"level":"info","message":"Server Started","timestamp":"2022-06-16T11:03:42.356Z"}
{"level":"info","message":"Server Started","timestamp":"2022-06-16T11:03:44.592Z"}
{"level":"info","message":"Server Started","timestamp":"2022-06-16T11:03:51.681Z"}
{"level":"info","message":"Server Started","timestamp":"2022-06-16T11:03:55.933Z"}
{"level":"info","message":"Server Started","timestamp":"2022-06-16T11:03:58.211Z"}
{"level":"info","message":"Server Started","timestamp":"2022-06-16T11:04:00.094Z"}
{"level":"info","message":"Server Started","timestamp":"2022-06-16T11:04:11.097Z"}
{"level":"info","message":"Server Started","timestamp":"2022-06-16T11:04:13.166Z"}
{"level":"info","message":"Server Started","timestamp":"2022-06-16T11:04:18.159Z"}
{"level":"info","message":"Server Started","timestamp":"2022-06-16T11:08:46.989Z"}
{"level":"info","message":"Server Started","timestamp":"2022-06-16T11:09:06.660Z"}
{"level":"info","message":"Server Started","timestamp":"2022-06-16T11:12:45.319Z"}
{"level":"info","message":"Server Started","timestamp":"2022-06-16T11:18:57.159Z"}
{"level":"info","message":"Server Started","timestamp":"2022-06-16T11:25:18.285Z"}
{"level":"info","message":"Server Started","timestamp":"2022-06-16T11:25:23.818Z"}
{"level":"info","message":"Server Started","timestamp":"2022-06-16T11:25:28.162Z"}
{"level":"info","message":"Server Started","timestamp":"2022-06-16T11:27:48.093Z"}
{"level":"info","message":"Server Started","timestamp":"2022-06-16T11:27:50.484Z"}
{"level":"info","message":"Server Started","timestamp":"2022-06-16T11:27:54.081Z"}
{"level":"info","message":"Server Started","timestamp":"2022-06-16T11:27:57.898Z"}
{"level":"info","message":"Server Started","timestamp":"2022-06-16T11:28:11.892Z"}
{"level":"info","message":"Server Started","timestamp":"2022-06-16T11:28:18.746Z"}
{"level":"info","message":"Server Started","timestamp":"2022-06-16T11:28:24.793Z"}
{"level":"info","message":"Server Started","timestamp":"2022-06-16T11:28:29.567Z"}
{"level":"info","message":"Server Started","timestamp":"2022-06-16T11:28:36.412Z"}
{"level":"info","message":"Server Started","timestamp":"2022-06-16T11:28:42.457Z"}
{"level":"info","message":"Server Started","timestamp":"2022-06-16T11:28:45.752Z"}
{"level":"info","message":"Server Started","timestamp":"2022-06-16T11:28:54.650Z"}
{"level":"info","message":"Server Started","timestamp":"2022-06-16T11:31:52.677Z"}
{"level":"info","message":"Server Started","timestamp":"2022-06-16T11:32:05.798Z"}
{"level":"info","message":"Server Started","timestamp":"2022-06-16T11:32:14.399Z"}
{"level":"info","message":"Server Started","timestamp":"2022-06-16T11:32:43.910Z"}
{"level":"info","message":"Server Started","timestamp":"2022-06-16T11:32:48.356Z"}
{"level":"info","message":"Server Started","timestamp":"2022-06-16T11:32:53.679Z"}
{"level":"info","message":"Server Started","timestamp":"2022-06-16T11:32:58.346Z"}
{"level":"info","message":"Server Started","timestamp":"2022-06-16T11:33:15.346Z"}
{"level":"info","message":"Server Started","timestamp":"2022-06-16T11:33:29.425Z"}
{"level":"info","message":"Server Started","timestamp":"2022-06-16T11:33:31.314Z"}
{"level":"info","message":"Server Started","timestamp":"2022-06-16T11:34:34.733Z"}
{"level":"info","message":"Server Started","timestamp":"2022-06-16T11:34:39.661Z"}
{"level":"info","message":"Server Started","timestamp":"2022-06-16T11:34:47.612Z"}
{"level":"info","message":"Server Started","timestamp":"2022-06-16T11:34:56.934Z"}
{"level":"info","message":"Server Started","timestamp":"2022-06-16T11:35:30.323Z"}
{"level":"info","message":"Server Started","timestamp":"2022-06-16T11:35:41.679Z"}
{"level":"info","message":"Server Started","timestamp":"2022-06-16T11:35:43.681Z"}
{"level":"info","message":"Server Started","timestamp":"2022-06-16T11:35:53.155Z"}
{"level":"info","message":"Server Started","timestamp":"2022-06-16T11:35:56.422Z"}
{"level":"info","message":"Server Started","timestamp":"2022-06-16T11:35:58.590Z"}
{"level":"info","message":"Server Started","timestamp":"2022-06-16T11:36:01.037Z"}
{"level":"info","message":"Server Started","timestamp":"2022-06-16T11:36:05.905Z"}
{"level":"info","message":"Server Started","timestamp":"2022-06-16T11:36:09.211Z"}
{"level":"info","message":"Server Started","timestamp":"2022-06-16T11:36:38.326Z"}
{"level":"info","message":"Server Started","timestamp":"2022-06-16T11:36:50.859Z"}
{"level":"info","message":"Server Started","timestamp":"2022-06-16T11:37:04.338Z"}
{"level":"info","message":"Server Started","timestamp":"2022-06-16T11:37:07.526Z"}
{"level":"info","message":"Server Started","timestamp":"2022-06-16T11:37:11.308Z"}
{"level":"info","message":"Server Started","timestamp":"2022-06-16T11:37:20.088Z"}
{"level":"info","message":"Server Started","timestamp":"2022-06-16T11:37:22.341Z"}
{"level":"info","message":"Server Started","timestamp":"2022-06-16T11:37:48.138Z"}
{"level":"info","message":"Server Started","timestamp":"2022-06-16T11:38:00.745Z"}
{"level":"info","message":"Server Started","timestamp":"2022-06-16T11:38:13.762Z"}
{"level":"info","message":"Server Started","timestamp":"2022-06-16T11:38:39.255Z"}
{"level":"info","message":"Server Started","timestamp":"2022-06-16T11:38:50.206Z"}
{"level":"info","message":"Server Started","timestamp":"2022-06-16T11:39:01.310Z"}
{"level":"info","message":"Server Started","timestamp":"2022-06-16T11:39:08.494Z"}
{"level":"info","message":"Server Started","timestamp":"2022-06-16T11:39:13.882Z"}
{"level":"info","message":"Server Started","timestamp":"2022-06-16T11:50:19.285Z"}
{"level":"info","message":"Server Started","timestamp":"2022-06-16T11:55:25.417Z"}
{"level":"info","message":"Server Started","timestamp":"2022-06-16T11:55:40.580Z"}
{"level":"info","message":"Server Started","timestamp":"2022-06-16T11:56:12.836Z"}
{"level":"info","message":"Server Started","timestamp":"2022-06-16T11:56:18.868Z"}
{"level":"info","message":"Server Started","timestamp":"2022-06-16T11:56:39.069Z"}
{"level":"info","message":"Server Started","timestamp":"2022-06-16T11:57:10.722Z"}
{"level":"info","message":"Server Started","timestamp":"2022-06-16T11:57:20.642Z"}
{"level":"info","message":"Server Started","timestamp":"2022-06-16T11:57:45.293Z"}
